


ARM Macro Assembler    Page 1 


    1 00000000                 AREA             ASCEND,CODE,READONLY
    2 00000000                 ENTRY
    3 00000000 E3A08004        MOV              R8,#4
    4 00000004 E59F2068        LDR              R2,=CVALUE
    5 00000008 E59F3068        LDR              R3,=DVALUE
    6 0000000C         LOOP0                                ; COPY VALUES TO DV
                                                            ALUE REGISTER
    7 0000000C E4921004        LDR              R1,[R2],#4  ; LOADING THE VALUE
                                                            S INTO CVALUE
    8 00000010 E4831004        STR              R1,[R3],#4  ; STORING THE VALUE
                                                            S INTO DVALUE
    9 00000014 E2588001        SUBS             R8,R8,#1    ; LOOP COUNTER IS D
                                                            ECREMENTED
   10 00000018 E3580000        CMP              R8,#0       ; R8 VALUE IS COMPA
                                                            RED TO 0
   11 0000001C 1AFFFFFA        BNE              LOOP0       ; IF R8 != 0 THEN L
                                                            OOP AGAIN TO LOOP0
   12 00000020         START1
   13 00000020 E3A05003        MOV              R5,#3       ; R5 CONTAINS NUMBE
                                                            R OF EXCHANGES OR S
                                                            WAPS
   14 00000024 E3A07000        MOV              R7,#0       ; R7 IS FOR FLAG
   15 00000028 E59F1048        LDR              R1,=DVALUE  ; BEFORE SORT WE NE
                                                            ED TO SET POINTER L
                                                            OCATION
   16 0000002C         LOOP
   17 0000002C E4912004        LDR              R2,[R1],#4  ; GET THE 1ST ELEME
                                                            NT
   18 00000030 E5913000        LDR              R3,[R1]     ; GETTING THE NEXT 
                                                            ELEMENT
   19 00000034 E1520003        CMP              R2,R3       ; VALUES IN R2 AND 
                                                            R3 COMPARED
   20 00000038 BA000003        BLT              LOOP2       ; IF R2 LESS THAN R
                                                            3 THEN GO TO LOOP2
   21 0000003C E4012004        STR              R2,[R1],#-4 ; ACCESS THE PREVIO
                                                            US LOCATION
   22 00000040 E5813000        STR              R3,[R1]
   23 00000044 E3A07001        MOV              R7,#1       ; IN ORDER TO INDIC
                                                            ATE SWAP TAKEN PLAC
                                                            E
   24 00000048 E2811004        ADD              R1,#4       ; IN ORDER TO SET P
                                                            OINTER TO NEXT MEMO
                                                            RY LOC
   25 0000004C         LOOP2
   26 0000004C E2555001        SUBS             R5,R5,#1    ; SUBTRACT 1 FROM R
                                                            5
   27 00000050 E3550000        CMP              R5,#0       ; COMPARE IT WITH 0
                                                            
   28 00000054 1AFFFFF4        BNE              LOOP        ; IF R5 IS NOT ZERO
                                                             THEN GO BACK TO LO
                                                            OP
   29 00000058 E3570000        CMP              R7,#0
   30 0000005C 1AFFFFEF        BNE              START1
   31 00000060 EAFFFFFE 
                       L       B                L
   32 00000064 44444444 
              11111111 
              33333333 
              22222222 CVALUE  DCD              0X44444444,0X11111111,0X3333333



ARM Macro Assembler    Page 2 


3,0X22222222
   33 00000074 00000000 
              00000000 
              00000000         AREA             MYDATA,DATA,READWRITE
   34 00000000 00000000 
                       DVALUE  DCD              0
   35 00000004                 END
Command Line: --debug --xref --apcs=interwork --depend=.\termwork_6.d -o.\termw
ork_6.o -IC:\Keil\ARM\RV31\INC -IC:\Keil\ARM\CMSIS\Include -IC:\Keil\ARM\Inc\Ph
ilips --predefine="__EVAL SETA 1" --list=.\termwork_6.lst termwork_6.s



ARM Macro Assembler    Page 1 Alphabetic symbol ordering
Relocatable symbols

ASCEND 00000000

Symbol: ASCEND
   Definitions
      At line 1 in file termwork_6.s
   Uses
      None
Comment: ASCEND unused
CVALUE 00000064

Symbol: CVALUE
   Definitions
      At line 32 in file termwork_6.s
   Uses
      At line 4 in file termwork_6.s
Comment: CVALUE used once
L 00000060

Symbol: L
   Definitions
      At line 31 in file termwork_6.s
   Uses
      At line 31 in file termwork_6.s
Comment: L used once
LOOP 0000002C

Symbol: LOOP
   Definitions
      At line 16 in file termwork_6.s
   Uses
      At line 28 in file termwork_6.s
Comment: LOOP used once
LOOP0 0000000C

Symbol: LOOP0
   Definitions
      At line 6 in file termwork_6.s
   Uses
      At line 11 in file termwork_6.s
Comment: LOOP0 used once
LOOP2 0000004C

Symbol: LOOP2
   Definitions
      At line 25 in file termwork_6.s
   Uses
      At line 20 in file termwork_6.s
Comment: LOOP2 used once
START1 00000020

Symbol: START1
   Definitions
      At line 12 in file termwork_6.s
   Uses
      At line 30 in file termwork_6.s
Comment: START1 used once
7 symbols



ARM Macro Assembler    Page 1 Alphabetic symbol ordering
Relocatable symbols

DVALUE 00000000

Symbol: DVALUE
   Definitions
      At line 34 in file termwork_6.s
   Uses
      At line 5 in file termwork_6.s
      At line 15 in file termwork_6.s

MYDATA 00000000

Symbol: MYDATA
   Definitions
      At line 33 in file termwork_6.s
   Uses
      None
Comment: MYDATA unused
2 symbols
342 symbols in table
